Flow report for try_ddr
Fri Apr 09 10:43:46 2021
Quartus II 64-Bit Version 13.1.0 Build 162 10/23/2013 SJ Web Edition


---------------------
; Table of Contents ;
---------------------
  1. Legal Notice
  2. Flow Summary
  3. Flow Settings
  4. Flow Non-Default Global Settings
  5. Flow Elapsed Time
  6. Flow OS Summary
  7. Flow Log
  8. Flow Messages
  9. Flow Suppressed Messages



----------------
; Legal Notice ;
----------------
Copyright (C) 1991-2013 Altera Corporation
Your use of Altera Corporation's design tools, logic functions 
and other software and tools, and its AMPP partner logic 
functions, and any output files from any of the foregoing 
(including device programming or simulation files), and any 
associated documentation or information are expressly subject 
to the terms and conditions of the Altera Program License 
Subscription Agreement, Altera MegaCore Function License 
Agreement, or other applicable license agreement, including, 
without limitation, that your use is for the sole purpose of 
programming logic devices manufactured by Altera and sold by 
Altera or its authorized distributors.  Please refer to the 
applicable agreement for further details.



+---------------------------------------------------------------------------------+
; Flow Summary                                                                    ;
+------------------------------------+--------------------------------------------+
; Flow Status                        ; Flow Failed - Fri Apr 09 10:43:46 2021     ;
; Quartus II 64-Bit Version          ; 13.1.0 Build 162 10/23/2013 SJ Web Edition ;
; Revision Name                      ; try_ddr                                    ;
; Top-level Entity Name              ; ddr2                                       ;
; Family                             ; Cyclone IV E                               ;
; Device                             ; EP4CE15F23C8                               ;
; Timing Models                      ; Final                                      ;
; Total logic elements               ; 5,579 / 15,408 ( 36 % )                    ;
;     Total combinational functions  ; 4,569 / 15,408 ( 30 % )                    ;
;     Dedicated logic registers      ; 2,819 / 15,408 ( 18 % )                    ;
; Total registers                    ; 2909                                       ;
; Total pins                         ; 153 / 344 ( 44 % )                         ;
; Total virtual pins                 ; 0                                          ;
; Total memory bits                  ; 11,232 / 516,096 ( 2 % )                   ;
; Embedded Multiplier 9-bit elements ; 0 / 112 ( 0 % )                            ;
; Total PLLs                         ; 1 / 4 ( 25 % )                             ;
+------------------------------------+--------------------------------------------+


+-----------------------------------------+
; Flow Settings                           ;
+-------------------+---------------------+
; Option            ; Setting             ;
+-------------------+---------------------+
; Start date & time ; 04/09/2021 10:33:30 ;
; Main task         ; Compilation         ;
; Revision Name     ; try_ddr             ;
+-------------------+---------------------+


+-----------------------------------------------------------------------------------------------------------------------------------+
; Flow Non-Default Global Settings                                                                                                  ;
+--------------------------------------+----------------------------------------+---------------+-------------+---------------------+
; Assignment Name                      ; Value                                  ; Default Value ; Entity Name ; Section Id          ;
+--------------------------------------+----------------------------------------+---------------+-------------+---------------------+
; COMPILER_SIGNATURE_ID                ; 53753574202436.161793560913024         ; --            ; --          ; --                  ;
; EDA_DESIGN_INSTANCE_NAME             ; NA                                     ; --            ; --          ; ddr2_example_top_tb ;
; EDA_NATIVELINK_SIMULATION_TEST_BENCH ; ddr2_example_top_tb                    ; --            ; --          ; eda_simulation      ;
; EDA_OUTPUT_DATA_FORMAT               ; Verilog Hdl                            ; --            ; --          ; eda_simulation      ;
; EDA_SIMULATION_TOOL                  ; ModelSim (Verilog)                     ; <None>        ; --          ; --                  ;
; EDA_TEST_BENCH_ENABLE_STATUS         ; TEST_BENCH_MODE                        ; --            ; --          ; eda_simulation      ;
; EDA_TEST_BENCH_FILE                  ; ../rtl/testbench/ddr2_example_top_tb.v ; --            ; --          ; ddr2_example_top_tb ;
; EDA_TEST_BENCH_FILE                  ; ../rtl/testbench/ddr2_mem_model.v      ; --            ; --          ; ddr2_example_top_tb ;
; EDA_TEST_BENCH_MODULE_NAME           ; ddr2_example_top_tb                    ; --            ; --          ; ddr2_example_top_tb ;
; EDA_TEST_BENCH_NAME                  ; ddr2_example_top_tb                    ; --            ; --          ; eda_simulation      ;
; EDA_TIME_SCALE                       ; 1 ps                                   ; --            ; --          ; eda_simulation      ;
; ENABLE_OCT_DONE                      ; Off                                    ; On            ; --          ; --                  ;
; MAX_CORE_JUNCTION_TEMP               ; 85                                     ; --            ; --          ; --                  ;
; MIN_CORE_JUNCTION_TEMP               ; 0                                      ; --            ; --          ; --                  ;
; PARTITION_COLOR                      ; 16764057                               ; --            ; ddr2        ; Top                 ;
; PARTITION_FITTER_PRESERVATION_LEVEL  ; PLACEMENT_AND_ROUTING                  ; --            ; ddr2        ; Top                 ;
; PARTITION_NETLIST_TYPE               ; SOURCE                                 ; --            ; ddr2        ; Top                 ;
; POWER_BOARD_THERMAL_MODEL            ; None (CONSERVATIVE)                    ; --            ; --          ; --                  ;
; POWER_PRESET_COOLING_SOLUTION        ; 23 MM HEAT SINK WITH 200 LFPM AIRFLOW  ; --            ; --          ; --                  ;
; PROJECT_OUTPUT_DIRECTORY             ; output_files                           ; --            ; --          ; --                  ;
; TOP_LEVEL_ENTITY                     ; ddr2                                   ; try_ddr       ; --          ; --                  ;
+--------------------------------------+----------------------------------------+---------------+-------------+---------------------+


+--------------------------------------------------------------------------------------------------------------------------+
; Flow Elapsed Time                                                                                                        ;
+----------------------+--------------+-------------------------+---------------------+------------------------------------+
; Module Name          ; Elapsed Time ; Average Processors Used ; Peak Virtual Memory ; Total CPU Time (on all processors) ;
+----------------------+--------------+-------------------------+---------------------+------------------------------------+
; Analysis & Synthesis ; 00:00:49     ; 1.0                     ; 4814 MB             ; 00:00:49                           ;
; Fitter               ; 00:00:09     ; 1.0                     ; 4793 MB             ; 00:00:09                           ;
; Fitter               ; 00:00:09     ; 1.0                     ; 4799 MB             ; 00:00:09                           ;
; Fitter               ; 00:00:09     ; 1.0                     ; 4799 MB             ; 00:00:09                           ;
; Total                ; 00:01:16     ; --                      ; --                  ; 00:01:16                           ;
+----------------------+--------------+-------------------------+---------------------+------------------------------------+


+-----------------------------------------------------------------------------------+
; Flow OS Summary                                                                   ;
+----------------------+------------------+-----------+------------+----------------+
; Module Name          ; Machine Hostname ; OS Name   ; OS Version ; Processor type ;
+----------------------+------------------+-----------+------------+----------------+
; Analysis & Synthesis ; DESKTOP-S858DKJ  ; Windows 7 ; 6.2        ; x86_64         ;
; Fitter               ; DESKTOP-S858DKJ  ; Windows 7 ; 6.2        ; x86_64         ;
; Fitter               ; DESKTOP-S858DKJ  ; Windows 7 ; 6.2        ; x86_64         ;
; Fitter               ; DESKTOP-S858DKJ  ; Windows 7 ; 6.2        ; x86_64         ;
+----------------------+------------------+-----------+------------+----------------+


------------
; Flow Log ;
------------
quartus_map --read_settings_files=on --write_settings_files=off try_ddr -c try_ddr
quartus_fit --read_settings_files=off --write_settings_files=off try_ddr -c try_ddr
quartus_fit --read_settings_files=on --write_settings_files=off try_ddr -c try_ddr
quartus_fit --read_settings_files=on --write_settings_files=off try_ddr -c try_ddr



