Flow report for cfifo
Thu Apr 08 21:14:47 2021
Quartus Prime Version 20.1.1 Build 720 11/11/2020 SJ Lite Edition


---------------------
; Table of Contents ;
---------------------
  1. Legal Notice
  2. Flow Summary
  3. Flow Settings
  4. Flow Non-Default Global Settings
  5. Flow Elapsed Time
  6. Flow OS Summary
  7. Flow Log
  8. Flow Messages
  9. Flow Suppressed Messages



----------------
; Legal Notice ;
----------------
Copyright (C) 2020  Intel Corporation. All rights reserved.
Your use of Intel Corporation's design tools, logic functions 
and other software and tools, and any partner logic 
functions, and any output files from any of the foregoing 
(including device programming or simulation files), and any 
associated documentation or information are expressly subject 
to the terms and conditions of the Intel Program License 
Subscription Agreement, the Intel Quartus Prime License Agreement,
the Intel FPGA IP License Agreement, or other applicable license
agreement, including, without limitation, that your use is for
the sole purpose of programming logic devices manufactured by
Intel and sold by Intel or its authorized distributors.  Please
refer to the applicable agreement for further details, at
https://fpgasoftware.intel.com/eula.



+----------------------------------------------------------------------------------+
; Flow Summary                                                                     ;
+------------------------------------+---------------------------------------------+
; Flow Status                        ; Successful - Thu Apr 08 21:14:47 2021       ;
; Quartus Prime Version              ; 20.1.1 Build 720 11/11/2020 SJ Lite Edition ;
; Revision Name                      ; cfifo                                       ;
; Top-level Entity Name              ; top                                         ;
; Family                             ; Cyclone IV E                                ;
; Device                             ; EP4CE15F23C8                                ;
; Timing Models                      ; Final                                       ;
; Total logic elements               ; 68 / 15,408 ( < 1 % )                       ;
;     Total combinational functions  ; 54 / 15,408 ( < 1 % )                       ;
;     Dedicated logic registers      ; 55 / 15,408 ( < 1 % )                       ;
; Total registers                    ; 55                                          ;
; Total pins                         ; 53 / 344 ( 15 % )                           ;
; Total virtual pins                 ; 0                                           ;
; Total memory bits                  ; 128 / 516,096 ( < 1 % )                     ;
; Embedded Multiplier 9-bit elements ; 0 / 112 ( 0 % )                             ;
; Total PLLs                         ; 1 / 4 ( 25 % )                              ;
+------------------------------------+---------------------------------------------+


+-----------------------------------------+
; Flow Settings                           ;
+-------------------+---------------------+
; Option            ; Setting             ;
+-------------------+---------------------+
; Start date & time ; 04/08/2021 21:14:24 ;
; Main task         ; Compilation         ;
; Revision Name     ; cfifo               ;
+-------------------+---------------------+


+-------------------------------------------------------------------------------------------------------------------------------------------------+
; Flow Non-Default Global Settings                                                                                                                ;
+--------------------------------------+----------------------------------------+---------------+-------------+-----------------------------------+
; Assignment Name                      ; Value                                  ; Default Value ; Entity Name ; Section Id                        ;
+--------------------------------------+----------------------------------------+---------------+-------------+-----------------------------------+
; COMPILER_SIGNATURE_ID                ; 141812761072080.161788766406172        ; --            ; --          ; --                                ;
; EDA_DESIGN_INSTANCE_NAME             ; NA                                     ; --            ; --          ; testbench1                        ;
; EDA_GENERATE_FUNCTIONAL_NETLIST      ; Off                                    ; --            ; --          ; eda_board_design_timing           ;
; EDA_GENERATE_FUNCTIONAL_NETLIST      ; Off                                    ; --            ; --          ; eda_board_design_boundary_scan    ;
; EDA_GENERATE_FUNCTIONAL_NETLIST      ; Off                                    ; --            ; --          ; eda_board_design_signal_integrity ;
; EDA_GENERATE_FUNCTIONAL_NETLIST      ; Off                                    ; --            ; --          ; eda_board_design_symbol           ;
; EDA_NATIVELINK_SIMULATION_TEST_BENCH ; testbench1                             ; --            ; --          ; eda_simulation                    ;
; EDA_OUTPUT_DATA_FORMAT               ; Verilog Hdl                            ; --            ; --          ; eda_simulation                    ;
; EDA_SIMULATION_TOOL                  ; ModelSim-Altera (Verilog)              ; <None>        ; --          ; --                                ;
; EDA_TEST_BENCH_ENABLE_STATUS         ; TEST_BENCH_MODE                        ; --            ; --          ; eda_simulation                    ;
; EDA_TEST_BENCH_FILE                  ; testbench1.v                           ; --            ; --          ; testbench1                        ;
; EDA_TEST_BENCH_MODULE_NAME           ; testbench1                             ; --            ; --          ; testbench1                        ;
; EDA_TEST_BENCH_NAME                  ; testbench1                             ; --            ; --          ; eda_simulation                    ;
; EDA_TIME_SCALE                       ; 1 ps                                   ; --            ; --          ; eda_simulation                    ;
; MAX_CORE_JUNCTION_TEMP               ; 85                                     ; --            ; --          ; --                                ;
; MIN_CORE_JUNCTION_TEMP               ; 0                                      ; --            ; --          ; --                                ;
; MISC_FILE                            ; pllip.ppf                              ; --            ; --          ; --                                ;
; NOMINAL_CORE_SUPPLY_VOLTAGE          ; 1.2V                                   ; --            ; --          ; --                                ;
; PARTITION_COLOR                      ; -- (Not supported for targeted family) ; --            ; top         ; Top                               ;
; PARTITION_FITTER_PRESERVATION_LEVEL  ; -- (Not supported for targeted family) ; --            ; top         ; Top                               ;
; PARTITION_NETLIST_TYPE               ; -- (Not supported for targeted family) ; --            ; top         ; Top                               ;
; POWER_BOARD_THERMAL_MODEL            ; None (CONSERVATIVE)                    ; --            ; --          ; --                                ;
; POWER_PRESET_COOLING_SOLUTION        ; 23 MM HEAT SINK WITH 200 LFPM AIRFLOW  ; --            ; --          ; --                                ;
; PROJECT_OUTPUT_DIRECTORY             ; output_files                           ; --            ; --          ; --                                ;
; TOP_LEVEL_ENTITY                     ; top                                    ; cfifo         ; --          ; --                                ;
+--------------------------------------+----------------------------------------+---------------+-------------+-----------------------------------+


+--------------------------------------------------------------------------------------------------------------------------+
; Flow Elapsed Time                                                                                                        ;
+----------------------+--------------+-------------------------+---------------------+------------------------------------+
; Module Name          ; Elapsed Time ; Average Processors Used ; Peak Virtual Memory ; Total CPU Time (on all processors) ;
+----------------------+--------------+-------------------------+---------------------+------------------------------------+
; Analysis & Synthesis ; 00:00:10     ; 1.0                     ; 4787 MB             ; 00:00:23                           ;
; Fitter               ; 00:00:06     ; 1.0                     ; 5562 MB             ; 00:00:07                           ;
; Assembler            ; 00:00:01     ; 1.0                     ; 4694 MB             ; 00:00:01                           ;
; Timing Analyzer      ; 00:00:02     ; 1.0                     ; 4783 MB             ; 00:00:02                           ;
; EDA Netlist Writer   ; 00:00:00     ; 1.0                     ; 4654 MB             ; 00:00:01                           ;
; Total                ; 00:00:19     ; --                      ; --                  ; 00:00:34                           ;
+----------------------+--------------+-------------------------+---------------------+------------------------------------+


+------------------------------------------------------------------------------------+
; Flow OS Summary                                                                    ;
+----------------------+------------------+------------+------------+----------------+
; Module Name          ; Machine Hostname ; OS Name    ; OS Version ; Processor type ;
+----------------------+------------------+------------+------------+----------------+
; Analysis & Synthesis ; DESKTOP-S858DKJ  ; Windows 10 ; 10.0       ; x86_64         ;
; Fitter               ; DESKTOP-S858DKJ  ; Windows 10 ; 10.0       ; x86_64         ;
; Assembler            ; DESKTOP-S858DKJ  ; Windows 10 ; 10.0       ; x86_64         ;
; Timing Analyzer      ; DESKTOP-S858DKJ  ; Windows 10 ; 10.0       ; x86_64         ;
; EDA Netlist Writer   ; DESKTOP-S858DKJ  ; Windows 10 ; 10.0       ; x86_64         ;
+----------------------+------------------+------------+------------+----------------+


------------
; Flow Log ;
------------
quartus_map --read_settings_files=on --write_settings_files=off cfifo -c cfifo
quartus_fit --read_settings_files=off --write_settings_files=off cfifo -c cfifo
quartus_asm --read_settings_files=off --write_settings_files=off cfifo -c cfifo
quartus_sta cfifo -c cfifo
quartus_eda --read_settings_files=off --write_settings_files=off cfifo -c cfifo



